# JRE version: OpenJDK Runtime Environment Temurin-17.0.7+7 (17.0.7+7) (build 17.0.7+7)
# Java VM: OpenJDK 64-Bit Server VM Temurin-17.0.7+7 (17.0.7+7, mixed mode, tiered, compressed oops, compressed class ptrs, g1 gc, windows-amd64)
GC Precious Log:
 CPUs: 4 total, 4 available
 Memory: 3894M
 Large Page Support: Disabled
 NUMA Support: Disabled
 Compressed Oops: Enabled (32-bit)
 Heap Region Size: 1M
 Heap Min Capacity: 8M
 Heap Initial Capacity: 62M
 Heap Max Capacity: 974M
 Pre-touch: Disabled
 Parallel Workers: 4
 Concurrent Workers: 1
 Concurrent Refinement Workers: 4
 Periodic GC: Disabled
Heap:
 garbage-first heap   total 36864K, used 25994K [0x00000000c3200000, 0x0000000100000000)
  region size 1024K, 14 young (14336K), 2 survivors (2048K)
 Metaspace       used 42189K, committed 42752K, reserved 1114112K
  class space    used 5008K, committed 5248K, reserved 1048576K
GC Heap History (20 events):
Event: 1918.251 GC heap before
{Heap before GC invocations=57 (full 8):
 garbage-first heap   total 36864K, used 15310K [0x00000000c3200000, 0x0000000100000000)
  region size 1024K, 3 young (3072K), 2 survivors (2048K)
 Metaspace       used 41921K, committed 42432K, reserved 1114112K
  class space    used 4998K, committed 5248K, reserved 1048576K
}
Event: 1918.334 GC heap after
{Heap after GC invocations=58 (full 9):
 garbage-first heap   total 36864K, used 13335K [0x00000000c3200000, 0x0000000100000000)
  region size 1024K, 0 young (0K), 0 survivors (0K)
 Metaspace       used 41897K, committed 42432K, reserved 1114112K
  class space    used 4994K, committed 5248K, reserved 1048576K
}
Event: 1919.190 GC heap before
{Heap before GC invocations=58 (full 9):
 garbage-first heap   total 36864K, used 26647K [0x00000000c3200000, 0x0000000100000000)
  region size 1024K, 13 young (13312K), 0 survivors (0K)
 Metaspace       used 41927K, committed 42432K, reserved 1114112K
  class space    used 4997K, committed 5248K, reserved 1048576K
}
Event: 1919.194 GC heap after
{Heap after GC invocations=59 (full 9):
 garbage-first heap   total 36864K, used 14665K [0x00000000c3200000, 0x0000000100000000)
  region size 1024K, 2 young (2048K), 2 survivors (2048K)
 Metaspace       used 41927K, committed 42432K, reserved 1114112K
  class space    used 4997K, committed 5248K, reserved 1048576K
}
Event: 1920.615 GC heap before
{Heap before GC invocations=60 (full 9):
 garbage-first heap   total 36864K, used 26953K [0x00000000c3200000, 0x0000000100000000)
  region size 1024K, 14 young (14336K), 2 survivors (2048K)
 Metaspace       used 41977K, committed 42496K, reserved 1114112K
  class space    used 4999K, committed 5248K, reserved 1048576K
}
Event: 1920.622 GC heap after
{Heap after GC invocations=61 (full 9):
 garbage-first heap   total 36864K, used 15536K [0x00000000c3200000, 0x0000000100000000)
  region size 1024K, 2 young (2048K), 2 survivors (2048K)
 Metaspace       used 41977K, committed 42496K, reserved 1114112K
  class space    used 4999K, committed 5248K, reserved 1048576K
}
Event: 1958.208 GC heap before
{Heap before GC invocations=61 (full 9):
 garbage-first heap   total 36864K, used 16560K [0x00000000c3200000, 0x0000000100000000)
  region size 1024K, 3 young (3072K), 2 survivors (2048K)
 Metaspace       used 41989K, committed 42496K, reserved 1114112K
  class space    used 5001K, committed 5248K, reserved 1048576K
}
Event: 1958.219 GC heap after
{Heap after GC invocations=62 (full 9):
 garbage-first heap   total 36864K, used 15759K [0x00000000c3200000, 0x0000000100000000)
  region size 1024K, 1 young (1024K), 1 survivors (1024K)
 Metaspace       used 41989K, committed 42496K, reserved 1114112K
  class space    used 5001K, committed 5248K, reserved 1048576K
}
Event: 2214.512 GC heap before
{Heap before GC invocations=62 (full 9):
 garbage-first heap   total 36864K, used 20879K [0x00000000c3200000, 0x0000000100000000)
  region size 1024K, 7 young (7168K), 1 survivors (1024K)
 Metaspace       used 41993K, committed 42496K, reserved 1114112K
  class space    used 5001K, committed 5248K, reserved 1048576K
}
Event: 2214.662 GC heap after
{Heap after GC invocations=63 (full 10):
 garbage-first heap   total 36864K, used 13382K [0x00000000c3200000, 0x0000000100000000)
  region size 1024K, 0 young (0K), 0 survivors (0K)
 Metaspace       used 41990K, committed 42496K, reserved 1114112K
  class space    used 5001K, committed 5248K, reserved 1048576K
}
Event: 2216.805 GC heap before
{Heap before GC invocations=63 (full 10):
 garbage-first heap   total 36864K, used 26694K [0x00000000c3200000, 0x0000000100000000)
  region size 1024K, 13 young (13312K), 0 survivors (0K)
 Metaspace       used 42020K, committed 42496K, reserved 1114112K
  class space    used 5004K, committed 5248K, reserved 1048576K
}
Event: 2216.808 GC heap after
{Heap after GC invocations=64 (full 10):
 garbage-first heap   total 36864K, used 14705K [0x00000000c3200000, 0x0000000100000000)
  region size 1024K, 2 young (2048K), 2 survivors (2048K)
 Metaspace       used 42020K, committed 42496K, reserved 1114112K
  class space    used 5004K, committed 5248K, reserved 1048576K
}
Event: 2217.514 GC heap before
{Heap before GC invocations=65 (full 10):
 garbage-first heap   total 36864K, used 25969K [0x00000000c3200000, 0x0000000100000000)
  region size 1024K, 13 young (13312K), 2 survivors (2048K)
 Metaspace       used 42061K, committed 42560K, reserved 1114112K
  class space    used 5005K, committed 5248K, reserved 1048576K
}
Event: 2217.549 GC heap after
{Heap after GC invocations=66 (full 10):
 garbage-first heap   total 36864K, used 15920K [0x00000000c3200000, 0x0000000100000000)
  region size 1024K, 2 young (2048K), 2 survivors (2048K)
 Metaspace       used 42061K, committed 42560K, reserved 1114112K
  class space    used 5005K, committed 5248K, reserved 1048576K
}
Event: 2228.267 GC heap before
{Heap before GC invocations=66 (full 10):
 garbage-first heap   total 36864K, used 16944K [0x00000000c3200000, 0x0000000100000000)
  region size 1024K, 3 young (3072K), 2 survivors (2048K)
 Metaspace       used 42100K, committed 42560K, reserved 1114112K
  class space    used 5005K, committed 5248K, reserved 1048576K
}
Event: 2228.360 GC heap after
{Heap after GC invocations=67 (full 10):
 garbage-first heap   total 36864K, used 16164K [0x00000000c3200000, 0x0000000100000000)
  region size 1024K, 1 young (1024K), 1 survivors (1024K)
 Metaspace       used 42100K, committed 42560K, reserved 1114112K
  class space    used 5005K, committed 5248K, reserved 1048576K
}
Event: 2375.516 GC heap before
{Heap before GC invocations=67 (full 10):
 garbage-first heap   total 36864K, used 18212K [0x00000000c3200000, 0x0000000100000000)
  region size 1024K, 4 young (4096K), 1 survivors (1024K)
 Metaspace       used 42119K, committed 42624K, reserved 1114112K
  class space    used 5007K, committed 5248K, reserved 1048576K
}
Event: 2375.865 GC heap after
{Heap after GC invocations=68 (full 11):
 garbage-first heap   total 36864K, used 13422K [0x00000000c3200000, 0x0000000100000000)
  region size 1024K, 0 young (0K), 0 survivors (0K)
 Metaspace       used 42095K, committed 42624K, reserved 1114112K
  class space    used 5003K, committed 5248K, reserved 1048576K
}
Event: 2378.032 GC heap before
{Heap before GC invocations=68 (full 11):
 garbage-first heap   total 36864K, used 26734K [0x00000000c3200000, 0x0000000100000000)
  region size 1024K, 13 young (13312K), 0 survivors (0K)
 Metaspace       used 42125K, committed 42688K, reserved 1114112K
  class space    used 5006K, committed 5248K, reserved 1048576K
}
Event: 2378.035 GC heap after
{Heap after GC invocations=69 (full 11):
 garbage-first heap   total 36864K, used 14730K [0x00000000c3200000, 0x0000000100000000)
  region size 1024K, 2 young (2048K), 2 survivors (2048K)
 Metaspace       used 42125K, committed 42688K, reserved 1114112K
  class space    used 5006K, committed 5248K, reserved 1048576K
}

